<?xml version="1.0" encoding="UTF-8"?>
<!-- Generated by org.testng.reporters.JUnitReportReporter -->
<testsuite skipped="0" hostname="DESKTOP-O1JPDAB" name="com.test.testcases.HMSLogin" tests="1" failures="0" timestamp="8 Apr 2017 04:18:15 GMT" time="4.042" errors="0">
  <testcase name="login" time="4.042" classname="com.test.testcases.HMSLogin"/>
</testsuite> <!-- com.test.testcases.HMSLogin -->
